<?xml version="1.0" encoding="UTF-8" ?>
<testsuite errors="0" failures="0" hostname="KAREEMHALABI-PC" name="ca.mcgill.ecse321.HAS.AllTests" skipped="0" tests="65" time="4.516" timestamp="2016-04-11T01:17:39">
  <properties>
    <property name="java.vendor" value="Oracle Corporation" />
    <property name="lib.dir" value="lib" />
    <property name="sun.java.launcher" value="SUN_STANDARD" />
    <property name="eclipse.pdebuild.templates" value="/C:/eclipse-jee-mars-R-win32-x86_64/eclipse/plugins/org.eclipse.pde.build_3.9.100.v20150521-1524/templates/" />
    <property name="sun.management.compiler" value="HotSpot 64-Bit Tiered Compilers" />
    <property name="os.name" value="Windows 8.1" />
    <property name="sun.boot.class.path" value="C:\Program Files\Java\jdk1.7.0_79\jre\lib\resources.jar;C:\Program Files\Java\jdk1.7.0_79\jre\lib\rt.jar;C:\Program Files\Java\jdk1.7.0_79\jre\lib\sunrsasign.jar;C:\Program Files\Java\jdk1.7.0_79\jre\lib\jsse.jar;C:\Program Files\Java\jdk1.7.0_79\jre\lib\jce.jar;C:\Program Files\Java\jdk1.7.0_79\jre\lib\charsets.jar;C:\Program Files\Java\jdk1.7.0_79\jre\lib\jfr.jar;C:\Program Files\Java\jdk1.7.0_79\jre\classes" />
    <property name="sun.desktop" value="windows" />
    <property name="java.vm.specification.vendor" value="Oracle Corporation" />
    <property name="ant.home" value="C:\eclipse-jee-mars-R-win32-x86_64\eclipse\plugins\org.apache.ant_1.9.4.v201504302020" />
    <property name="jar.dir" value="build/jar" />
    <property name="java.runtime.version" value="1.7.0_79-b15" />
    <property name="user.name" value="Kareem Halabi" />
    <property name="build.dir" value="build" />
    <property name="user.language" value="en" />
    <property name="test.report.dir" value="test_reports" />
    <property name="sun.boot.library.path" value="C:\Program Files\Java\jdk1.7.0_79\jre\bin" />
    <property name="ant.project.default-target" value="compile" />
    <property name="ant.project.name" value="Desktop_HAS" />
    <property name="java.version" value="1.7.0_79" />
    <property name="user.timezone" value="" />
    <property name="sun.arch.data.model" value="64" />
    <property name="java.endorsed.dirs" value="C:\Program Files\Java\jdk1.7.0_79\jre\lib\endorsed" />
    <property name="sun.cpu.isalist" value="amd64" />
    <property name="sun.jnu.encoding" value="Cp1252" />
    <property name="file.encoding.pkg" value="sun.io" />
    <property name="file.separator" value="\" />
    <property name="java.specification.name" value="Java Platform API Specification" />
    <property name="classes.dir" value="build/classes" />
    <property name="java.class.version" value="51.0" />
    <property name="user.country" value="CA" />
    <property name="java.home" value="C:\Program Files\Java\jdk1.7.0_79\jre" />
    <property name="java.vm.info" value="mixed mode" />
    <property name="ant.file.Desktop_HAS" value="C:\Users\Kareem Halabi\Documents\GitHub\ECSE321 Project\Desktop_HAS\build.xml" />
    <property name="ant.file" value="C:\Users\Kareem Halabi\Documents\GitHub\ECSE321 Project\Desktop_HAS\build.xml" />
    <property name="os.version" value="6.3" />
    <property name="path.separator" value=";" />
    <property name="java.vm.version" value="24.79-b02" />
    <property name="user.variant" value="" />
    <property name="ant.library.dir" value="C:\eclipse-jee-mars-R-win32-x86_64\eclipse\plugins\org.apache.ant_1.9.4.v201504302020\lib" />
    <property name="java.awt.printerjob" value="sun.awt.windows.WPrinterJob" />
    <property name="ant.file.type.Desktop_HAS" value="file" />
    <property name="sun.io.unicode.encoding" value="UnicodeLittle" />
    <property name="awt.toolkit" value="sun.awt.windows.WToolkit" />
    <property name="user.script" value="" />
    <property name="eclipse.pdebuild.scripts" value="/C:/eclipse-jee-mars-R-win32-x86_64/eclipse/plugins/org.eclipse.pde.build_3.9.100.v20150521-1524/scripts/" />
    <property name="main.class" value="ca.mcgill.ecse321.HAS.application.HASApp" />
    <property name="user.home" value="C:\Users\Kareem Halabi" />
    <property name="java.specification.vendor" value="Oracle Corporation" />
    <property name="test.dir" value="test" />
    <property name="java.library.path" value="C:\Program Files\Java\jdk1.7.0_79\jre\bin;C:\WINDOWS\Sun\Java\bin;C:\WINDOWS\system32;C:\WINDOWS;C:/Program Files/Java/jdk1.7.0_79/bin/../jre/bin/server;C:/Program Files/Java/jdk1.7.0_79/bin/../jre/bin;C:/Program Files/Java/jdk1.7.0_79/bin/../jre/lib/amd64;C:\Program Files\Java\jdk1.7.0_79\bin;C:\WINDOWS\system32;C:\WINDOWS;C:\WINDOWS\System32\Wbem;C:\WINDOWS\System32\WindowsPowerShell\v1.0\;C:\Program Files (x86)\ATI Technologies\ATI.ACE\Core-Static;C:\Program Files (x86)\IVI Foundation\VISA\WinNT\Bin;C:\Program Files (x86)\leJOS NXJ\bin;C:\Program Files (x86)\PharosSystems\Core;C:\Program Files\MATLAB\R2014b\runtime\win64;C:\Program Files\MATLAB\R2014b\bin;C:\Users\Kareem Halabi\.dnx\bin;C:\Program Files\Microsoft DNX\Dnvm\;C:\Program Files\Microsoft SQL Server\120\Tools\Binn\;C:\Program Files (x86)\Windows Kits\8.1\Windows Performance Toolkit\;C:\Anaconda2;C:\Anaconda2\Scripts;C:\Anaconda2\Library\bin;C:\Program Files (x86)\Skype\Phone\;C:\apache-ant-1.9.6\bin;C:\Users\Kareem Halabi\AppData\Local\Programs\MiKTeX 2.9\miktex\bin\x64\;C:\eclipse-jee-mars-R-win32-x86_64\eclipse;;." />
    <property name="java.vendor.url" value="http://java.oracle.com/" />
    <property name="java.vm.vendor" value="Oracle Corporation" />
    <property name="java.runtime.name" value="Java(TM) SE Runtime Environment" />
    <property name="sun.java.command" value="org.apache.tools.ant.taskdefs.optional.junit.JUnitTestRunner ca.mcgill.ecse321.HAS.AllTests skipNonTests=false filtertrace=true haltOnError=false haltOnFailure=false formatter=org.apache.tools.ant.taskdefs.optional.junit.SummaryJUnitResultFormatter showoutput=false outputtoformatters=true logfailedtests=true threadid=0 logtestlistenerevents=false formatter=org.apache.tools.ant.taskdefs.optional.junit.XMLJUnitResultFormatter,C:\Users\Kareem Halabi\Documents\GitHub\ECSE321 Project\Desktop_HAS\test_reports\TEST-ca.mcgill.ecse321.HAS.AllTests.xml crashfile=C:\Users\Kareem Halabi\Documents\GitHub\ECSE321 Project\Desktop_HAS\junitvmwatcher2790572666285184008.properties propsfile=C:\Users\Kareem Halabi\Documents\GitHub\ECSE321 Project\Desktop_HAS\junit760949877278117176.properties" />
    <property name="java.class.path" value="C:\Users\Kareem Halabi\Documents\GitHub\ECSE321 Project\Desktop_HAS\build\classes;C:\Users\Kareem Halabi\Documents\GitHub\ECSE321 Project\Desktop_HAS\lib\jdatepicker-1.3.4.jar;C:\Users\Kareem Halabi\Documents\GitHub\ECSE321 Project\Desktop_HAS\lib\xmlpull-1.1.3.1.jar;C:\Users\Kareem Halabi\Documents\GitHub\ECSE321 Project\Desktop_HAS\lib\xpp3_min-1.1.4c.jar;C:\Users\Kareem Halabi\Documents\GitHub\ECSE321 Project\Desktop_HAS\lib\xstream-1.4.7.jar;C:\Users\Kareem Halabi\Documents\GitHub\ECSE321 Project\Desktop_HAS\lib\junit.jar;C:\Users\Kareem Halabi\Documents\GitHub\ECSE321 Project\Desktop_HAS\lib\org.hamcrest.core_1.3.0.v201303031735.jar;C:\eclipse-jee-mars-R-win32-x86_64\eclipse\plugins\org.apache.ant_1.9.4.v201504302020\lib\ant-launcher.jar;C:\eclipse-jee-mars-R-win32-x86_64\eclipse\plugins\org.apache.ant_1.9.4.v201504302020\lib\ant.jar;C:\eclipse-jee-mars-R-win32-x86_64\eclipse\plugins\org.apache.ant_1.9.4.v201504302020\lib\ant-junit.jar;C:\eclipse-jee-mars-R-win32-x86_64\eclipse\plugins\org.apache.ant_1.9.4.v201504302020\lib\ant-junit4.jar" />
    <property name="ant.version" value="Apache Ant(TM) version 1.9.4 compiled on April 29 2014" />
    <property name="java.vm.specification.name" value="Java Virtual Machine Specification" />
    <property name="java.vm.specification.version" value="1.7" />
    <property name="sun.cpu.endian" value="little" />
    <property name="sun.os.patch.level" value="" />
    <property name="eclipse.pdebuild.home" value="/C:/eclipse-jee-mars-R-win32-x86_64/eclipse/plugins/org.eclipse.pde.build_3.9.100.v20150521-1524/./" />
    <property name="java.io.tmpdir" value="C:\Users\KAREEM~1\AppData\Local\Temp\" />
    <property name="java.vendor.url.bug" value="http://bugreport.sun.com/bugreport/" />
    <property name="nxj.home" value="C:\Program Files (x86)\leJOS NXJ" />
    <property name="os.arch" value="amd64" />
    <property name="java.awt.graphicsenv" value="sun.awt.Win32GraphicsEnvironment" />
    <property name="java.ext.dirs" value="C:\Program Files\Java\jdk1.7.0_79\jre\lib\ext;C:\WINDOWS\Sun\Java\lib\ext" />
    <property name="user.dir" value="C:\Users\Kareem Halabi\Documents\GitHub\ECSE321 Project\Desktop_HAS" />
    <property name="line.separator" value="&#xd;&#xa;" />
    <property name="java.vm.name" value="Java HotSpot(TM) 64-Bit Server VM" />
    <property name="basedir" value="C:\Users\Kareem Halabi\Documents\GitHub\ECSE321 Project\Desktop_HAS" />
    <property name="ant.java.version" value="1.7" />
    <property name="ant.core.lib" value="C:\eclipse-jee-mars-R-win32-x86_64\eclipse\plugins\org.apache.ant_1.9.4.v201504302020\lib\ant.jar" />
    <property name="file.encoding" value="Cp1252" />
    <property name="java.specification.version" value="1.7" />
    <property name="src.dir" value="src" />
    <property name="ant.project.invoked-targets" value="Android_jar" />
  </properties>
  <testcase classname="ca.mcgill.ecse321.controller.TestHASController" name="testAddSongSamePosition" time="0.154" />
  <testcase classname="ca.mcgill.ecse321.controller.TestHASController" name="testAddSongNoName" time="0.051" />
  <testcase classname="ca.mcgill.ecse321.controller.TestHASController" name="testCreateArtistNoName" time="0.0" />
  <testcase classname="ca.mcgill.ecse321.controller.TestHASController" name="testCreateAlbumAndAddSong" time="0.037" />
  <testcase classname="ca.mcgill.ecse321.controller.TestHASController" name="testAddSongNoPosition" time="0.013" />
  <testcase classname="ca.mcgill.ecse321.controller.TestHASController" name="testAddSongNoAlbum" time="0.001" />
  <testcase classname="ca.mcgill.ecse321.controller.TestHASController" name="addSongManyFeatured" time="0.053" />
  <testcase classname="ca.mcgill.ecse321.controller.TestHASController" name="testCreateAlbumPresentReleaseDate" time="0.012" />
  <testcase classname="ca.mcgill.ecse321.controller.TestHASController" name="addSongNoFeatured" time="0.024" />
  <testcase classname="ca.mcgill.ecse321.controller.TestHASController" name="testCreatAlbumNoGenre" time="0.0" />
  <testcase classname="ca.mcgill.ecse321.controller.TestHASController" name="testCreateAlbumNoReleaseDate" time="0.0" />
  <testcase classname="ca.mcgill.ecse321.controller.TestHASController" name="testAddSongNoDuration" time="0.011" />
  <testcase classname="ca.mcgill.ecse321.controller.TestHASController" name="testCreateAlbumNoArtist" time="0.0" />
  <testcase classname="ca.mcgill.ecse321.controller.TestHASController" name="testCreateAlbumFutureReleaseDate" time="0.013" />
  <testcase classname="ca.mcgill.ecse321.controller.TestHASController" name="testCreateAlbumNoName" time="0.0" />
  <testcase classname="ca.mcgill.ecse321.controller.TestHASController" name="testCreateAlbumAndAddThreeSongs" time="0.115" />
  <testcase classname="ca.mcgill.ecse321.controller.TestHASController" name="testCreateArtist" time="0.01" />
  <testcase classname="ca.mcgill.ecse321.persistence.TestPersistence" name="test" time="0.099" />
  <testcase classname="ca.mcgill.ecse321.controller.TestHASControllerPlaylistAndRoom" name="testCreateRoomGroupMultipleRooms" time="0.097" />
  <testcase classname="ca.mcgill.ecse321.controller.TestHASControllerPlaylistAndRoom" name="testMultipleRoomGroups" time="0.107" />
  <testcase classname="ca.mcgill.ecse321.controller.TestHASControllerPlaylistAndRoom" name="testSetRoomMuteNoRoom" time="0.023" />
  <testcase classname="ca.mcgill.ecse321.controller.TestHASControllerPlaylistAndRoom" name="testSetRoomGroupMuteNoRoomGroup" time="0.029" />
  <testcase classname="ca.mcgill.ecse321.controller.TestHASControllerPlaylistAndRoom" name="testSetRoomVolume" time="0.074" />
  <testcase classname="ca.mcgill.ecse321.controller.TestHASControllerPlaylistAndRoom" name="testAddRoomToGroupRoomNoRoom" time="0.053" />
  <testcase classname="ca.mcgill.ecse321.controller.TestHASControllerPlaylistAndRoom" name="testAddSongToPlaylistNoPlaylist" time="0.02" />
  <testcase classname="ca.mcgill.ecse321.controller.TestHASControllerPlaylistAndRoom" name="testSetRoomGroupVolume" time="0.079" />
  <testcase classname="ca.mcgill.ecse321.controller.TestHASControllerPlaylistAndRoom" name="testAddFeaturedArtistNoArtist" time="0.02" />
  <testcase classname="ca.mcgill.ecse321.controller.TestHASControllerPlaylistAndRoom" name="testAddSongToPlaylist" time="0.06" />
  <testcase classname="ca.mcgill.ecse321.controller.TestHASControllerPlaylistAndRoom" name="testAddRoomToGroupRoom" time="0.069" />
  <testcase classname="ca.mcgill.ecse321.controller.TestHASControllerPlaylistAndRoom" name="testSetRoomGroupVolumeNoRoomGroup" time="0.021" />
  <testcase classname="ca.mcgill.ecse321.controller.TestHASControllerPlaylistAndRoom" name="testSetRoomGroupMuteRoomGroupFalse" time="0.071" />
  <testcase classname="ca.mcgill.ecse321.controller.TestHASControllerPlaylistAndRoom" name="testCreatePlaylistManySongs" time="0.046" />
  <testcase classname="ca.mcgill.ecse321.controller.TestHASControllerPlaylistAndRoom" name="testCreatePlaylistNoName" time="0.019" />
  <testcase classname="ca.mcgill.ecse321.controller.TestHASControllerPlaylistAndRoom" name="testCreatePlaylistNoSong" time="0.022" />
  <testcase classname="ca.mcgill.ecse321.controller.TestHASControllerPlaylistAndRoom" name="testCreateRoom" time="0.029" />
  <testcase classname="ca.mcgill.ecse321.controller.TestHASControllerPlaylistAndRoom" name="testCreateRoomGroupNoName" time="0.027" />
  <testcase classname="ca.mcgill.ecse321.controller.TestHASControllerPlaylistAndRoom" name="testCreateRoomGroupNoInitialRoom" time="0.02" />
  <testcase classname="ca.mcgill.ecse321.controller.TestHASControllerPlaylistAndRoom" name="testCreateRoomGroupOneRoom" time="0.047" />
  <testcase classname="ca.mcgill.ecse321.controller.TestHASControllerPlaylistAndRoom" name="testSetRoomGroupMuteRoomGroup" time="0.053" />
  <testcase classname="ca.mcgill.ecse321.controller.TestHASControllerPlaylistAndRoom" name="testAddRoomToGroupRoomNoGroup" time="0.027" />
  <testcase classname="ca.mcgill.ecse321.controller.TestHASControllerPlaylistAndRoom" name="testSetRoomGroupZeroVolume" time="0.065" />
  <testcase classname="ca.mcgill.ecse321.controller.TestHASControllerPlaylistAndRoom" name="testSetRoomMute" time="0.031" />
  <testcase classname="ca.mcgill.ecse321.controller.TestHASControllerPlaylistAndRoom" name="testAddFeaturedArtist" time="0.044" />
  <testcase classname="ca.mcgill.ecse321.controller.TestHASControllerPlaylistAndRoom" name="testSetRoomVolumeZeroVolume" time="0.06" />
  <testcase classname="ca.mcgill.ecse321.controller.TestHASControllerPlaylistAndRoom" name="testAddSongToPlaylistNoSong" time="0.034" />
  <testcase classname="ca.mcgill.ecse321.controller.TestHASControllerPlaylistAndRoom" name="testCreateRoomNoName" time="0.018" />
  <testcase classname="ca.mcgill.ecse321.controller.TestHASControllerPlaylistAndRoom" name="testSetRoomVolumeNoRoom" time="0.018" />
  <testcase classname="ca.mcgill.ecse321.controller.TestHASControllerPlaylistAndRoom" name="testAddFeaturedArtistNoSong" time="0.017" />
  <testcase classname="ca.mcgill.ecse321.controller.TestHASControllerPlay" name="testPlaySongNoRoomGroup" time="0.036" />
  <testcase classname="ca.mcgill.ecse321.controller.TestHASControllerPlay" name="testPlayPlayableRoomGroup" time="0.042" />
  <testcase classname="ca.mcgill.ecse321.controller.TestHASControllerPlay" name="testPlayPlayableNoSingleRoom" time="0.03" />
  <testcase classname="ca.mcgill.ecse321.controller.TestHASControllerPlay" name="testPlayPlayableSingleRoom" time="0.03" />
  <testcase classname="ca.mcgill.ecse321.controller.TestHASControllerPlay" name="testPlayNoPlayableSingleRoom" time="0.026" />
  <testcase classname="ca.mcgill.ecse321.controller.TestHASControllerPlay" name="testPlayNoPlayableRoomGroup" time="0.046" />
  <testcase classname="ca.mcgill.ecse321.controller.TestSorting" name="testSortRoomGroupsNoRGs" time="0.082" />
  <testcase classname="ca.mcgill.ecse321.controller.TestSorting" name="testSortAlbums" time="0.17" />
  <testcase classname="ca.mcgill.ecse321.controller.TestSorting" name="testSortAlbumsNoAlbums" time="0.029" />
  <testcase classname="ca.mcgill.ecse321.controller.TestSorting" name="testSortPlaylists" time="0.03" />
  <testcase classname="ca.mcgill.ecse321.controller.TestSorting" name="testSortArtists" time="0.029" />
  <testcase classname="ca.mcgill.ecse321.controller.TestSorting" name="testSortArtistNoArtists" time="0.022" />
  <testcase classname="ca.mcgill.ecse321.controller.TestSorting" name="testSortPlaylistsNoPlaylists" time="0.025" />
  <testcase classname="ca.mcgill.ecse321.controller.TestSorting" name="testSortRoomGroups" time="0.221" />
  <testcase classname="ca.mcgill.ecse321.controller.TestSorting" name="testSortRooms" time="0.053" />
  <testcase classname="ca.mcgill.ecse321.controller.TestSorting" name="testSortSongs" time="0.287" />
  <testcase classname="ca.mcgill.ecse321.controller.TestSorting" name="testSortRoomsNoRooms" time="0.046" />
  <system-out><![CDATA[]]></system-out>
  <system-err><![CDATA[]]></system-err>
</testsuite>
